<?xml version="1.0" encoding="UTF-8"?>
<coverage generated="1766489506732" clover="3.2.0">
  <project timestamp="1766489506732" name="All files">
    <metrics statements="158" coveredstatements="135" conditionals="83" coveredconditionals="65" methods="49" coveredmethods="40" elements="290" coveredelements="240" complexity="0" loc="158" ncloc="158" packages="7" files="19" classes="19"/>
    <package name="components">
      <metrics statements="34" coveredstatements="31" conditionals="51" coveredconditionals="44" methods="9" coveredmethods="8"/>
      <file name="Button.tsx" path="C:\Users\j2sav\New folder (5)\dreamscape\src\components\Button.tsx">
        <metrics statements="10" coveredstatements="10" conditionals="27" coveredconditionals="25" methods="2" coveredmethods="2"/>
        <line num="18" count="3" type="cond" truecount="3" falsecount="0"/>
        <line num="19" count="11" type="stmt"/>
        <line num="20" count="11" type="stmt"/>
        <line num="21" count="11" type="cond" truecount="2" falsecount="0"/>
        <line num="23" count="11" type="stmt"/>
        <line num="24" count="3" type="cond" truecount="1" falsecount="1"/>
        <line num="25" count="3" type="stmt"/>
        <line num="26" count="3" type="cond" truecount="2" falsecount="0"/>
        <line num="29" count="11" type="stmt"/>
        <line num="50" count="3" type="stmt"/>
      </file>
      <file name="Card.tsx" path="C:\Users\j2sav\New folder (5)\dreamscape\src\components\Card.tsx">
        <metrics statements="3" coveredstatements="3" conditionals="1" coveredconditionals="1" methods="1" coveredmethods="1"/>
        <line num="12" count="3" type="cond" truecount="1" falsecount="0"/>
        <line num="13" count="61" type="stmt"/>
        <line num="20" count="3" type="stmt"/>
      </file>
      <file name="DreamMap.tsx" path="C:\Users\j2sav\New folder (5)\dreamscape\src\components\DreamMap.tsx">
        <metrics statements="4" coveredstatements="4" conditionals="2" coveredconditionals="2" methods="1" coveredmethods="1"/>
        <line num="13" count="1" type="cond" truecount="2" falsecount="0"/>
        <line num="14" count="8" type="stmt"/>
        <line num="16" count="8" type="stmt"/>
        <line num="34" count="1" type="stmt"/>
      </file>
      <file name="ErrorState.tsx" path="C:\Users\j2sav\New folder (5)\dreamscape\src\components\ErrorState.tsx">
        <metrics statements="3" coveredstatements="3" conditionals="4" coveredconditionals="4" methods="1" coveredmethods="1"/>
        <line num="13" count="2" type="stmt"/>
        <line num="14" count="7" type="stmt"/>
        <line num="26" count="2" type="stmt"/>
      </file>
      <file name="LoadingSpinner.tsx" path="C:\Users\j2sav\New folder (5)\dreamscape\src\components\LoadingSpinner.tsx">
        <metrics statements="3" coveredstatements="3" conditionals="6" coveredconditionals="5" methods="1" coveredmethods="1"/>
        <line num="9" count="3" type="stmt"/>
        <line num="10" count="34" type="stmt"/>
        <line num="18" count="3" type="stmt"/>
      </file>
      <file name="RouteCard.tsx" path="C:\Users\j2sav\New folder (5)\dreamscape\src\components\RouteCard.tsx">
        <metrics statements="11" coveredstatements="8" conditionals="11" coveredconditionals="7" methods="3" coveredmethods="2"/>
        <line num="13" count="1" type="cond" truecount="0" falsecount="1"/>
        <line num="14" count="42" type="stmt"/>
        <line num="15" count="42" type="cond" truecount="3" falsecount="1"/>
        <line num="17" count="42" type="stmt"/>
        <line num="19" count="42" type="stmt"/>
        <line num="20" count="42" type="cond" truecount="1" falsecount="1"/>
        <line num="21" count="0" type="stmt"/>
        <line num="27" count="0" type="stmt"/>
        <line num="28" count="0" type="stmt"/>
        <line num="32" count="42" type="stmt"/>
        <line num="59" count="1" type="stmt"/>
      </file>
    </package>
    <package name="navigation">
      <metrics statements="3" coveredstatements="0" conditionals="0" coveredconditionals="0" methods="1" coveredmethods="0"/>
      <file name="RootNavigator.tsx" path="C:\Users\j2sav\New folder (5)\dreamscape\src\navigation\RootNavigator.tsx">
        <metrics statements="3" coveredstatements="0" conditionals="0" coveredconditionals="0" methods="1" coveredmethods="0"/>
        <line num="10" count="0" type="stmt"/>
        <line num="12" count="0" type="stmt"/>
        <line num="13" count="0" type="stmt"/>
      </file>
    </package>
    <package name="screens">
      <metrics statements="91" coveredstatements="80" conditionals="26" coveredconditionals="19" methods="26" coveredmethods="21"/>
      <file name="HomeScreen.tsx" path="C:\Users\j2sav\New folder (5)\dreamscape\src\screens\HomeScreen.tsx">
        <metrics statements="27" coveredstatements="26" conditionals="8" coveredconditionals="8" methods="6" coveredmethods="4"/>
        <line num="13" count="1" type="stmt"/>
        <line num="14" count="25" type="stmt"/>
        <line num="15" count="25" type="stmt"/>
        <line num="16" count="25" type="stmt"/>
        <line num="22" count="25" type="stmt"/>
        <line num="23" count="25" type="stmt"/>
        <line num="25" count="25" type="stmt"/>
        <line num="26" count="13" type="stmt"/>
        <line num="29" count="25" type="stmt"/>
        <line num="30" count="13" type="stmt"/>
        <line num="31" count="13" type="stmt"/>
        <line num="32" count="13" type="cond" truecount="2" falsecount="0"/>
        <line num="33" count="9" type="stmt"/>
        <line num="34" count="9" type="stmt"/>
        <line num="40" count="9" type="stmt"/>
        <line num="42" count="4" type="stmt"/>
        <line num="44" count="13" type="stmt"/>
        <line num="47" count="25" type="stmt"/>
        <line num="48" count="1" type="stmt"/>
        <line num="49" count="1" type="stmt"/>
        <line num="52" count="25" type="cond" truecount="2" falsecount="0"/>
        <line num="53" count="13" type="stmt"/>
        <line num="60" count="12" type="cond" truecount="2" falsecount="0"/>
        <line num="61" count="4" type="stmt"/>
        <line num="63" count="0" type="stmt"/>
        <line num="68" count="8" type="stmt"/>
        <line num="103" count="1" type="stmt"/>
      </file>
      <file name="NavigationScreen.tsx" path="C:\Users\j2sav\New folder (5)\dreamscape\src\screens\NavigationScreen.tsx">
        <metrics statements="32" coveredstatements="30" conditionals="8" coveredconditionals="3" methods="8" coveredmethods="6"/>
        <line num="9" count="1" type="stmt"/>
        <line num="10" count="21" type="stmt"/>
        <line num="11" count="21" type="stmt"/>
        <line num="12" count="21" type="stmt"/>
        <line num="13" count="21" type="stmt"/>
        <line num="14" count="21" type="stmt"/>
        <line num="16" count="21" type="stmt"/>
        <line num="17" count="21" type="stmt"/>
        <line num="18" count="21" type="stmt"/>
        <line num="20" count="21" type="stmt"/>
        <line num="22" count="21" type="stmt"/>
        <line num="23" count="21" type="stmt"/>
        <line num="24" count="0" type="cond" truecount="0" falsecount="2"/>
        <line num="26" count="21" type="stmt"/>
        <line num="30" count="21" type="stmt"/>
        <line num="31" count="21" type="stmt"/>
        <line num="32" count="21" type="cond" truecount="1" falsecount="1"/>
        <line num="33" count="21" type="stmt"/>
        <line num="37" count="21" type="stmt"/>
        <line num="38" count="21" type="stmt"/>
        <line num="44" count="21" type="stmt"/>
        <line num="45" count="21" type="stmt"/>
        <line num="49" count="21" type="stmt"/>
        <line num="55" count="21" type="stmt"/>
        <line num="56" count="3" type="stmt"/>
        <line num="57" count="3" type="stmt"/>
        <line num="58" count="3" type="stmt"/>
        <line num="61" count="21" type="cond" truecount="1" falsecount="1"/>
        <line num="62" count="0" type="stmt"/>
        <line num="69" count="21" type="cond" truecount="1" falsecount="1"/>
        <line num="71" count="21" type="stmt"/>
        <line num="101" count="1" type="stmt"/>
      </file>
      <file name="RouteSelectionScreen.tsx" path="C:\Users\j2sav\New folder (5)\dreamscape\src\screens\RouteSelectionScreen.tsx">
        <metrics statements="29" coveredstatements="24" conditionals="10" coveredconditionals="8" methods="11" coveredmethods="11"/>
        <line num="16" count="1" type="stmt"/>
        <line num="17" count="32" type="stmt"/>
        <line num="18" count="32" type="stmt"/>
        <line num="19" count="32" type="cond" truecount="2" falsecount="0"/>
        <line num="20" count="32" type="cond" truecount="2" falsecount="0"/>
        <line num="22" count="32" type="stmt"/>
        <line num="23" count="32" type="stmt"/>
        <line num="24" count="32" type="cond" truecount="1" falsecount="1"/>
        <line num="26" count="32" type="stmt"/>
        <line num="27" count="17" type="stmt"/>
        <line num="28" count="17" type="stmt"/>
        <line num="29" count="17" type="stmt"/>
        <line num="32" count="32" type="stmt"/>
        <line num="33" count="3" type="stmt"/>
        <line num="34" count="3" type="stmt"/>
        <line num="35" count="3" type="stmt"/>
        <line num="37" count="3" type="stmt"/>
        <line num="40" count="32" type="stmt"/>
        <line num="41" count="3" type="stmt"/>
        <line num="42" count="1" type="cond" truecount="1" falsecount="1"/>
        <line num="43" count="0" type="stmt"/>
        <line num="44" count="0" type="stmt"/>
        <line num="45" count="0" type="stmt"/>
        <line num="46" count="0" type="stmt"/>
        <line num="47" count="0" type="stmt"/>
        <line num="51" count="32" type="stmt"/>
        <line num="54" count="2" type="stmt"/>
        <line num="71" count="42" type="stmt"/>
        <line num="83" count="1" type="stmt"/>
      </file>
      <file name="SettingsScreen.tsx" path="C:\Users\j2sav\New folder (5)\dreamscape\src\screens\SettingsScreen.tsx">
        <metrics statements="3" coveredstatements="0" conditionals="0" coveredconditionals="0" methods="1" coveredmethods="0"/>
        <line num="6" count="0" type="stmt"/>
        <line num="7" count="0" type="stmt"/>
        <line num="15" count="0" type="stmt"/>
      </file>
    </package>
    <package name="services">
      <metrics statements="16" coveredstatements="10" conditionals="6" coveredconditionals="2" methods="4" coveredmethods="2"/>
      <file name="locationService.ts" path="C:\Users\j2sav\New folder (5)\dreamscape\src\services\locationService.ts">
        <metrics statements="16" coveredstatements="10" conditionals="6" coveredconditionals="2" methods="4" coveredmethods="2"/>
        <line num="4" count="2" type="stmt"/>
        <line num="7" count="18" type="stmt"/>
        <line num="8" count="17" type="stmt"/>
        <line num="12" count="16" type="stmt"/>
        <line num="13" count="16" type="stmt"/>
        <line num="14" count="15" type="cond" truecount="2" falsecount="0"/>
        <line num="16" count="12" type="stmt"/>
        <line num="17" count="10" type="stmt"/>
        <line num="19" count="3" type="stmt"/>
        <line num="20" count="3" type="stmt"/>
        <line num="25" count="0" type="stmt"/>
        <line num="26" count="0" type="cond" truecount="0" falsecount="2"/>
        <line num="28" count="0" type="stmt"/>
        <line num="32" count="0" type="cond" truecount="0" falsecount="2"/>
        <line num="33" count="0" type="stmt"/>
        <line num="34" count="0" type="stmt"/>
      </file>
    </package>
    <package name="store">
      <metrics statements="7" coveredstatements="7" conditionals="0" coveredconditionals="0" methods="7" coveredmethods="7"/>
      <file name="navigationStore.ts" path="C:\Users\j2sav\New folder (5)\dreamscape\src\store\navigationStore.ts">
        <metrics statements="7" coveredstatements="7" conditionals="0" coveredconditionals="0" methods="7" coveredmethods="7"/>
        <line num="18" count="4" type="stmt"/>
        <line num="24" count="5" type="stmt"/>
        <line num="25" count="5" type="stmt"/>
        <line num="26" count="4" type="stmt"/>
        <line num="27" count="4" type="stmt"/>
        <line num="28" count="1" type="stmt"/>
        <line num="29" count="5" type="stmt"/>
      </file>
    </package>
    <package name="theme">
      <metrics statements="3" coveredstatements="3" conditionals="0" coveredconditionals="0" methods="0" coveredmethods="0"/>
      <file name="colors.ts" path="C:\Users\j2sav\New folder (5)\dreamscape\src\theme\colors.ts">
        <metrics statements="1" coveredstatements="1" conditionals="0" coveredconditionals="0" methods="0" coveredmethods="0"/>
        <line num="1" count="7" type="stmt"/>
      </file>
      <file name="index.ts" path="C:\Users\j2sav\New folder (5)\dreamscape\src\theme\index.ts">
        <metrics statements="0" coveredstatements="0" conditionals="0" coveredconditionals="0" methods="0" coveredmethods="0"/>
      </file>
      <file name="spacing.ts" path="C:\Users\j2sav\New folder (5)\dreamscape\src\theme\spacing.ts">
        <metrics statements="1" coveredstatements="1" conditionals="0" coveredconditionals="0" methods="0" coveredmethods="0"/>
        <line num="1" count="7" type="stmt"/>
      </file>
      <file name="typography.ts" path="C:\Users\j2sav\New folder (5)\dreamscape\src\theme\typography.ts">
        <metrics statements="1" coveredstatements="1" conditionals="0" coveredconditionals="0" methods="0" coveredmethods="0"/>
        <line num="1" count="7" type="stmt"/>
      </file>
    </package>
    <package name="utils">
      <metrics statements="4" coveredstatements="4" conditionals="0" coveredconditionals="0" methods="2" coveredmethods="2"/>
      <file name="mapStyles.ts" path="C:\Users\j2sav\New folder (5)\dreamscape\src\utils\mapStyles.ts">
        <metrics statements="1" coveredstatements="1" conditionals="0" coveredconditionals="0" methods="0" coveredmethods="0"/>
        <line num="1" count="1" type="stmt"/>
      </file>
      <file name="mockData.ts" path="C:\Users\j2sav\New folder (5)\dreamscape\src\utils\mockData.ts">
        <metrics statements="3" coveredstatements="3" conditionals="0" coveredconditionals="0" methods="2" coveredmethods="2"/>
        <line num="5" count="37" type="stmt"/>
        <line num="6" count="111" type="stmt"/>
        <line num="12" count="37" type="stmt"/>
      </file>
    </package>
  </project>
</coverage>
