{"C:\\Users\\j2sav\\New folder (5)\\dreamscape\\src\\components\\Button.tsx": {"path":"C:\\Users\\j2sav\\New folder (5)\\dreamscape\\src\\components\\Button.tsx","statementMap":{"0":{"start":{"line":18,"column":45},"end":{"line":48,"column":1}},"1":{"start":{"line":19,"column":20},"end":{"line":19,"column":41}},"2":{"start":{"line":20,"column":22},"end":{"line":20,"column":45}},"3":{"start":{"line":21,"column":21},"end":{"line":21,"column":40}},"4":{"start":{"line":23,"column":22},"end":{"line":27,"column":27}},"5":{"start":{"line":24,"column":4},"end":{"line":24,"column":27}},"6":{"start":{"line":24,"column":20},"end":{"line":24,"column":27}},"7":{"start":{"line":25,"column":4},"end":{"line":25,"column":76}},"8":{"start":{"line":25,"column":10},"end":{"line":25,"column":65}},"9":{"start":{"line":26,"column":4},"end":{"line":26,"column":25}},"10":{"start":{"line":29,"column":2},"end":{"line":47,"column":4}},"11":{"start":{"line":50,"column":15},"end":{"line":84,"column":2}}},"fnMap":{"0":{"name":"(anonymous_0)","decl":{"start":{"line":18,"column":45},"end":{"line":18,"column":46}},"loc":{"start":{"line":18,"column":182},"end":{"line":48,"column":1}},"line":18},"1":{"name":"(anonymous_1)","decl":{"start":{"line":23,"column":34},"end":{"line":23,"column":35}},"loc":{"start":{"line":23,"column":40},"end":{"line":27,"column":3}},"line":23}},"branchMap":{"0":{"loc":{"start":{"line":18,"column":64},"end":{"line":18,"column":83}},"type":"default-arg","locations":[{"start":{"line":18,"column":74},"end":{"line":18,"column":83}}],"line":18},"1":{"loc":{"start":{"line":18,"column":103},"end":{"line":18,"column":118}},"type":"default-arg","locations":[{"start":{"line":18,"column":113},"end":{"line":18,"column":118}}],"line":18},"2":{"loc":{"start":{"line":18,"column":120},"end":{"line":18,"column":136}},"type":"default-arg","locations":[{"start":{"line":18,"column":131},"end":{"line":18,"column":136}}],"line":18},"3":{"loc":{"start":{"line":21,"column":21},"end":{"line":21,"column":40}},"type":"binary-expr","locations":[{"start":{"line":21,"column":21},"end":{"line":21,"column":29}},{"start":{"line":21,"column":33},"end":{"line":21,"column":40}}],"line":21},"4":{"loc":{"start":{"line":24,"column":4},"end":{"line":24,"column":27}},"type":"if","locations":[{"start":{"line":24,"column":4},"end":{"line":24,"column":27}},{"start":{},"end":{}}],"line":24},"5":{"loc":{"start":{"line":26,"column":4},"end":{"line":26,"column":24}},"type":"binary-expr","locations":[{"start":{"line":26,"column":4},"end":{"line":26,"column":11}},{"start":{"line":26,"column":15},"end":{"line":26,"column":24}}],"line":26},"6":{"loc":{"start":{"line":32,"column":27},"end":{"line":32,"column":54}},"type":"binary-expr","locations":[{"start":{"line":32,"column":27},"end":{"line":32,"column":36}},{"start":{"line":32,"column":40},"end":{"line":32,"column":54}}],"line":32},"7":{"loc":{"start":{"line":32,"column":56},"end":{"line":32,"column":87}},"type":"binary-expr","locations":[{"start":{"line":32,"column":56},"end":{"line":32,"column":67}},{"start":{"line":32,"column":71},"end":{"line":32,"column":87}}],"line":32},"8":{"loc":{"start":{"line":32,"column":89},"end":{"line":32,"column":118}},"type":"binary-expr","locations":[{"start":{"line":32,"column":89},"end":{"line":32,"column":99}},{"start":{"line":32,"column":103},"end":{"line":32,"column":118}}],"line":32},"9":{"loc":{"start":{"line":33,"column":21},"end":{"line":33,"column":42}},"type":"cond-expr","locations":[{"start":{"line":33,"column":34},"end":{"line":33,"column":35}},{"start":{"line":33,"column":38},"end":{"line":33,"column":42}}],"line":33},"10":{"loc":{"start":{"line":36,"column":26},"end":{"line":36,"column":53}},"type":"binary-expr","locations":[{"start":{"line":36,"column":26},"end":{"line":36,"column":44}},{"start":{"line":36,"column":48},"end":{"line":36,"column":53}}],"line":36},"11":{"loc":{"start":{"line":41,"column":7},"end":{"line":45,"column":7}},"type":"cond-expr","locations":[{"start":{"line":42,"column":8},"end":{"line":42,"column":103}},{"start":{"line":44,"column":8},"end":{"line":44,"column":131}}],"line":41},"12":{"loc":{"start":{"line":42,"column":47},"end":{"line":42,"column":99}},"type":"cond-expr","locations":[{"start":{"line":42,"column":59},"end":{"line":42,"column":78}},{"start":{"line":42,"column":81},"end":{"line":42,"column":99}}],"line":42},"13":{"loc":{"start":{"line":44,"column":35},"end":{"line":44,"column":66}},"type":"binary-expr","locations":[{"start":{"line":44,"column":35},"end":{"line":44,"column":44}},{"start":{"line":44,"column":48},"end":{"line":44,"column":66}}],"line":44},"14":{"loc":{"start":{"line":44,"column":68},"end":{"line":44,"column":103}},"type":"binary-expr","locations":[{"start":{"line":44,"column":68},"end":{"line":44,"column":79}},{"start":{"line":44,"column":83},"end":{"line":44,"column":103}}],"line":44}},"s":{"0":2,"1":7,"2":7,"3":7,"4":7,"5":3,"6":0,"7":3,"8":3,"9":3,"10":7,"11":2},"f":{"0":7,"1":3},"b":{"0":[6],"1":[6],"2":[6],"3":[7,6],"4":[0,3],"5":[3,3],"6":[7,6],"7":[7,1],"8":[7,2],"9":[2,5],"10":[7,5],"11":[1,6],"12":[1,0],"13":[6,5],"14":[6,1]},"_coverageSchema":"1a1c01bbd47fc00a2c39e90264f33305004495a9","hash":"2d33b7ed0e573906823236731c0fe890b6619c85"}
,"C:\\Users\\j2sav\\New folder (5)\\dreamscape\\src\\components\\Card.tsx": {"path":"C:\\Users\\j2sav\\New folder (5)\\dreamscape\\src\\components\\Card.tsx","statementMap":{"0":{"start":{"line":12,"column":41},"end":{"line":18,"column":1}},"1":{"start":{"line":13,"column":2},"end":{"line":17,"column":4}},"2":{"start":{"line":20,"column":15},"end":{"line":31,"column":2}}},"fnMap":{"0":{"name":"(anonymous_0)","decl":{"start":{"line":12,"column":41},"end":{"line":12,"column":42}},"loc":{"start":{"line":12,"column":82},"end":{"line":18,"column":1}},"line":12}},"branchMap":{"0":{"loc":{"start":{"line":12,"column":61},"end":{"line":12,"column":75}},"type":"default-arg","locations":[{"start":{"line":12,"column":73},"end":{"line":12,"column":75}}],"line":12}},"s":{"0":1,"1":3,"2":1},"f":{"0":3},"b":{"0":[2]},"_coverageSchema":"1a1c01bbd47fc00a2c39e90264f33305004495a9","hash":"80f6ca38179e06e0be71c6997d2d61a8d7998e03"}
,"C:\\Users\\j2sav\\New folder (5)\\dreamscape\\src\\components\\DreamMap.tsx": {"path":"C:\\Users\\j2sav\\New folder (5)\\dreamscape\\src\\components\\DreamMap.tsx","statementMap":{"0":{"start":{"line":13,"column":49},"end":{"line":32,"column":1}},"1":{"start":{"line":14,"column":17},"end":{"line":14,"column":38}},"2":{"start":{"line":16,"column":2},"end":{"line":31,"column":4}},"3":{"start":{"line":34,"column":15},"end":{"line":34,"column":54}}},"fnMap":{"0":{"name":"(anonymous_0)","decl":{"start":{"line":13,"column":49},"end":{"line":13,"column":50}},"loc":{"start":{"line":13,"column":129},"end":{"line":32,"column":1}},"line":13}},"branchMap":{"0":{"loc":{"start":{"line":13,"column":60},"end":{"line":13,"column":84}},"type":"default-arg","locations":[{"start":{"line":13,"column":80},"end":{"line":13,"column":84}}],"line":13},"1":{"loc":{"start":{"line":13,"column":86},"end":{"line":13,"column":112}},"type":"default-arg","locations":[{"start":{"line":13,"column":108},"end":{"line":13,"column":112}}],"line":13}},"s":{"0":0,"1":0,"2":0,"3":0},"f":{"0":0},"b":{"0":[0],"1":[0]}}
,"C:\\Users\\j2sav\\New folder (5)\\dreamscape\\src\\components\\ErrorState.tsx": {"path":"C:\\Users\\j2sav\\New folder (5)\\dreamscape\\src\\components\\ErrorState.tsx","statementMap":{"0":{"start":{"line":13,"column":43},"end":{"line":24,"column":1}},"1":{"start":{"line":14,"column":2},"end":{"line":23,"column":4}},"2":{"start":{"line":26,"column":15},"end":{"line":32,"column":2}}},"fnMap":{"0":{"name":"(anonymous_0)","decl":{"start":{"line":13,"column":43},"end":{"line":13,"column":44}},"loc":{"start":{"line":13,"column":90},"end":{"line":24,"column":1}},"line":13}},"branchMap":{"0":{"loc":{"start":{"line":19,"column":7},"end":{"line":21,"column":14}},"type":"cond-expr","locations":[{"start":{"line":20,"column":8},"end":{"line":20,"column":173}},{"start":{"line":21,"column":10},"end":{"line":21,"column":14}}],"line":19},"1":{"loc":{"start":{"line":19,"column":7},"end":{"line":19,"column":30}},"type":"binary-expr","locations":[{"start":{"line":19,"column":7},"end":{"line":19,"column":18}},{"start":{"line":19,"column":22},"end":{"line":19,"column":30}}],"line":19}},"s":{"0":1,"1":3,"2":1},"f":{"0":3},"b":{"0":[1,2],"1":[3,1]},"_coverageSchema":"1a1c01bbd47fc00a2c39e90264f33305004495a9","hash":"b57ba59d5ecaadaad168719e8b761a8a1db76ecc"}
,"C:\\Users\\j2sav\\New folder (5)\\dreamscape\\src\\components\\LoadingSpinner.tsx": {"path":"C:\\Users\\j2sav\\New folder (5)\\dreamscape\\src\\components\\LoadingSpinner.tsx","statementMap":{"0":{"start":{"line":9,"column":47},"end":{"line":16,"column":1}},"1":{"start":{"line":10,"column":2},"end":{"line":15,"column":4}},"2":{"start":{"line":18,"column":15},"end":{"line":29,"column":2}}},"fnMap":{"0":{"name":"(anonymous_0)","decl":{"start":{"line":9,"column":47},"end":{"line":9,"column":48}},"loc":{"start":{"line":9,"column":64},"end":{"line":16,"column":1}},"line":9}},"branchMap":{"0":{"loc":{"start":{"line":11,"column":73},"end":{"line":11,"column":93}},"type":"binary-expr","locations":[{"start":{"line":11,"column":73},"end":{"line":11,"column":80}},{"start":{"line":11,"column":84},"end":{"line":11,"column":93}}],"line":11},"1":{"loc":{"start":{"line":13,"column":7},"end":{"line":13,"column":69}},"type":"cond-expr","locations":[{"start":{"line":13,"column":17},"end":{"line":13,"column":62}},{"start":{"line":13,"column":65},"end":{"line":13,"column":69}}],"line":13},"2":{"loc":{"start":{"line":20,"column":13},"end":{"line":20,"column":29}},"type":"binary-expr","locations":[{"start":{"line":20,"column":13},"end":{"line":20,"column":23}},{"start":{"line":20,"column":27},"end":{"line":20,"column":29}}],"line":20}},"s":{"0":1,"1":3,"2":1},"f":{"0":3},"b":{"0":[3,2],"1":[1,2],"2":[1,0]},"_coverageSchema":"1a1c01bbd47fc00a2c39e90264f33305004495a9","hash":"4a3eb77734a60f0ba5dd5dffd6bae794c83a21e7"}
,"C:\\Users\\j2sav\\New folder (5)\\dreamscape\\src\\components\\RouteCard.tsx": {"path":"C:\\Users\\j2sav\\New folder (5)\\dreamscape\\src\\components\\RouteCard.tsx","statementMap":{"0":{"start":{"line":13,"column":42},"end":{"line":57,"column":1}},"1":{"start":{"line":14,"column":18},"end":{"line":14,"column":43}},"2":{"start":{"line":15,"column":23},"end":{"line":15,"column":125}},"3":{"start":{"line":17,"column":16},"end":{"line":17,"column":53}},"4":{"start":{"line":19,"column":2},"end":{"line":30,"column":23}},"5":{"start":{"line":20,"column":4},"end":{"line":29,"column":5}},"6":{"start":{"line":21,"column":19},"end":{"line":26,"column":7}},"7":{"start":{"line":27,"column":6},"end":{"line":27,"column":19}},"8":{"start":{"line":28,"column":6},"end":{"line":28,"column":31}},"9":{"start":{"line":28,"column":19},"end":{"line":28,"column":30}},"10":{"start":{"line":32,"column":2},"end":{"line":56,"column":4}},"11":{"start":{"line":59,"column":15},"end":{"line":137,"column":2}}},"fnMap":{"0":{"name":"(anonymous_0)","decl":{"start":{"line":13,"column":42},"end":{"line":13,"column":43}},"loc":{"start":{"line":13,"column":84},"end":{"line":57,"column":1}},"line":13},"1":{"name":"(anonymous_1)","decl":{"start":{"line":19,"column":12},"end":{"line":19,"column":13}},"loc":{"start":{"line":19,"column":18},"end":{"line":30,"column":3}},"line":19},"2":{"name":"(anonymous_2)","decl":{"start":{"line":28,"column":13},"end":{"line":28,"column":14}},"loc":{"start":{"line":28,"column":19},"end":{"line":28,"column":30}},"line":28}},"branchMap":{"0":{"loc":{"start":{"line":13,"column":52},"end":{"line":13,"column":68}},"type":"default-arg","locations":[{"start":{"line":13,"column":63},"end":{"line":13,"column":68}}],"line":13},"1":{"loc":{"start":{"line":15,"column":23},"end":{"line":15,"column":125}},"type":"cond-expr","locations":[{"start":{"line":15,"column":33},"end":{"line":15,"column":50}},{"start":{"line":15,"column":53},"end":{"line":15,"column":125}}],"line":15},"2":{"loc":{"start":{"line":15,"column":53},"end":{"line":15,"column":125}},"type":"cond-expr","locations":[{"start":{"line":15,"column":84},"end":{"line":15,"column":103}},{"start":{"line":15,"column":106},"end":{"line":15,"column":125}}],"line":15},"3":{"loc":{"start":{"line":20,"column":4},"end":{"line":29,"column":5}},"type":"if","locations":[{"start":{"line":20,"column":4},"end":{"line":29,"column":5}},{"start":{},"end":{}}],"line":20},"4":{"loc":{"start":{"line":34,"column":33},"end":{"line":34,"column":60}},"type":"binary-expr","locations":[{"start":{"line":34,"column":33},"end":{"line":34,"column":41}},{"start":{"line":34,"column":45},"end":{"line":34,"column":60}}],"line":34},"5":{"loc":{"start":{"line":37,"column":114},"end":{"line":37,"column":239}},"type":"cond-expr","locations":[{"start":{"line":37,"column":141},"end":{"line":37,"column":232}},{"start":{"line":37,"column":235},"end":{"line":37,"column":239}}],"line":37}},"s":{"0":0,"1":0,"2":0,"3":0,"4":0,"5":0,"6":0,"7":0,"8":0,"9":0,"10":0,"11":0},"f":{"0":0,"1":0,"2":0},"b":{"0":[0],"1":[0,0],"2":[0,0],"3":[0,0],"4":[0,0],"5":[0,0]}}
,"C:\\Users\\j2sav\\New folder (5)\\dreamscape\\src\\navigation\\RootNavigator.tsx": {"path":"C:\\Users\\j2sav\\New folder (5)\\dreamscape\\src\\navigation\\RootNavigator.tsx","statementMap":{"0":{"start":{"line":10,"column":14},"end":{"line":10,"column":62}},"1":{"start":{"line":12,"column":39},"end":{"line":23,"column":1}},"2":{"start":{"line":13,"column":2},"end":{"line":22,"column":4}}},"fnMap":{"0":{"name":"(anonymous_0)","decl":{"start":{"line":12,"column":39},"end":{"line":12,"column":40}},"loc":{"start":{"line":12,"column":45},"end":{"line":23,"column":1}},"line":12}},"branchMap":{},"s":{"0":0,"1":0,"2":0},"f":{"0":0},"b":{}}
,"C:\\Users\\j2sav\\New folder (5)\\dreamscape\\src\\screens\\HomeScreen.tsx": {"path":"C:\\Users\\j2sav\\New folder (5)\\dreamscape\\src\\screens\\HomeScreen.tsx","statementMap":{"0":{"start":{"line":13,"column":26},"end":{"line":101,"column":1}},"1":{"start":{"line":14,"column":21},"end":{"line":14,"column":43}},"2":{"start":{"line":15,"column":34},"end":{"line":15,"column":60}},"3":{"start":{"line":16,"column":30},"end":{"line":21,"column":4}},"4":{"start":{"line":22,"column":36},"end":{"line":22,"column":50}},"5":{"start":{"line":23,"column":50},"end":{"line":23,"column":65}},"6":{"start":{"line":25,"column":2},"end":{"line":27,"column":9}},"7":{"start":{"line":26,"column":4},"end":{"line":26,"column":25}},"8":{"start":{"line":29,"column":29},"end":{"line":45,"column":3}},"9":{"start":{"line":30,"column":4},"end":{"line":30,"column":23}},"10":{"start":{"line":31,"column":28},"end":{"line":31,"column":70}},"11":{"start":{"line":32,"column":4},"end":{"line":43,"column":5}},"12":{"start":{"line":33,"column":6},"end":{"line":33,"column":35}},"13":{"start":{"line":34,"column":6},"end":{"line":39,"column":9}},"14":{"start":{"line":40,"column":6},"end":{"line":40,"column":33}},"15":{"start":{"line":42,"column":6},"end":{"line":42,"column":32}},"16":{"start":{"line":44,"column":4},"end":{"line":44,"column":24}},"17":{"start":{"line":47,"column":23},"end":{"line":50,"column":3}},"18":{"start":{"line":48,"column":4},"end":{"line":48,"column":76}},"19":{"start":{"line":48,"column":10},"end":{"line":48,"column":65}},"20":{"start":{"line":49,"column":4},"end":{"line":49,"column":42}},"21":{"start":{"line":52,"column":2},"end":{"line":58,"column":3}},"22":{"start":{"line":53,"column":4},"end":{"line":57,"column":6}},"23":{"start":{"line":60,"column":2},"end":{"line":66,"column":3}},"24":{"start":{"line":61,"column":4},"end":{"line":65,"column":6}},"25":{"start":{"line":63,"column":152},"end":{"line":63,"column":221}},"26":{"start":{"line":63,"column":197},"end":{"line":63,"column":219}},"27":{"start":{"line":68,"column":2},"end":{"line":100,"column":4}},"28":{"start":{"line":103,"column":15},"end":{"line":115,"column":2}}},"fnMap":{"0":{"name":"(anonymous_0)","decl":{"start":{"line":13,"column":26},"end":{"line":13,"column":27}},"loc":{"start":{"line":13,"column":32},"end":{"line":101,"column":1}},"line":13},"1":{"name":"(anonymous_1)","decl":{"start":{"line":25,"column":12},"end":{"line":25,"column":13}},"loc":{"start":{"line":25,"column":18},"end":{"line":27,"column":3}},"line":25},"2":{"name":"(anonymous_2)","decl":{"start":{"line":29,"column":29},"end":{"line":29,"column":30}},"loc":{"start":{"line":29,"column":41},"end":{"line":45,"column":3}},"line":29},"3":{"name":"(anonymous_3)","decl":{"start":{"line":47,"column":23},"end":{"line":47,"column":24}},"loc":{"start":{"line":47,"column":29},"end":{"line":50,"column":3}},"line":47},"4":{"name":"(anonymous_4)","decl":{"start":{"line":63,"column":144},"end":{"line":63,"column":145}},"loc":{"start":{"line":63,"column":150},"end":{"line":63,"column":223}},"line":63},"5":{"name":"(anonymous_5)","decl":{"start":{"line":63,"column":180},"end":{"line":63,"column":181}},"loc":{"start":{"line":63,"column":197},"end":{"line":63,"column":219}},"line":63}},"branchMap":{"0":{"loc":{"start":{"line":32,"column":4},"end":{"line":43,"column":5}},"type":"if","locations":[{"start":{"line":32,"column":4},"end":{"line":43,"column":5}},{"start":{"line":41,"column":11},"end":{"line":43,"column":5}}],"line":32},"1":{"loc":{"start":{"line":52,"column":2},"end":{"line":58,"column":3}},"type":"if","locations":[{"start":{"line":52,"column":2},"end":{"line":58,"column":3}},{"start":{},"end":{}}],"line":52},"2":{"loc":{"start":{"line":60,"column":2},"end":{"line":66,"column":3}},"type":"if","locations":[{"start":{"line":60,"column":2},"end":{"line":66,"column":3}},{"start":{},"end":{}}],"line":60},"3":{"loc":{"start":{"line":89,"column":13},"end":{"line":95,"column":13}},"type":"binary-expr","locations":[{"start":{"line":89,"column":13},"end":{"line":89,"column":21}},{"start":{"line":90,"column":14},"end":{"line":94,"column":21}}],"line":89}},"s":{"0":0,"1":0,"2":0,"3":0,"4":0,"5":0,"6":0,"7":0,"8":0,"9":0,"10":0,"11":0,"12":0,"13":0,"14":0,"15":0,"16":0,"17":0,"18":0,"19":0,"20":0,"21":0,"22":0,"23":0,"24":0,"25":0,"26":0,"27":0,"28":0},"f":{"0":0,"1":0,"2":0,"3":0,"4":0,"5":0},"b":{"0":[0,0],"1":[0,0],"2":[0,0],"3":[0,0]}}
,"C:\\Users\\j2sav\\New folder (5)\\dreamscape\\src\\screens\\NavigationScreen.tsx": {"path":"C:\\Users\\j2sav\\New folder (5)\\dreamscape\\src\\screens\\NavigationScreen.tsx","statementMap":{"0":{"start":{"line":9,"column":35},"end":{"line":97,"column":1}},"1":{"start":{"line":10,"column":14},"end":{"line":10,"column":29}},"2":{"start":{"line":11,"column":16},"end":{"line":11,"column":36}},"3":{"start":{"line":12,"column":16},"end":{"line":12,"column":35}},"4":{"start":{"line":13,"column":50},"end":{"line":13,"column":61}},"5":{"start":{"line":14,"column":28},"end":{"line":14,"column":40}},"6":{"start":{"line":16,"column":21},"end":{"line":16,"column":58}},"7":{"start":{"line":17,"column":23},"end":{"line":17,"column":60}},"8":{"start":{"line":18,"column":19},"end":{"line":18,"column":56}},"9":{"start":{"line":20,"column":2},"end":{"line":25,"column":14}},"10":{"start":{"line":21,"column":15},"end":{"line":23,"column":12}},"11":{"start":{"line":22,"column":6},"end":{"line":22,"column":90}},"12":{"start":{"line":22,"column":33},"end":{"line":22,"column":88}},"13":{"start":{"line":24,"column":4},"end":{"line":24,"column":35}},"14":{"start":{"line":24,"column":17},"end":{"line":24,"column":34}},"15":{"start":{"line":28,"column":2},"end":{"line":32,"column":14}},"16":{"start":{"line":29,"column":4},"end":{"line":29,"column":25}},"17":{"start":{"line":30,"column":20},"end":{"line":30,"column":54}},"18":{"start":{"line":31,"column":4},"end":{"line":31,"column":138}},"19":{"start":{"line":35,"column":2},"end":{"line":51,"column":25}},"20":{"start":{"line":36,"column":4},"end":{"line":39,"column":15}},"21":{"start":{"line":42,"column":4},"end":{"line":44,"column":14}},"22":{"start":{"line":43,"column":6},"end":{"line":43,"column":74}},"23":{"start":{"line":47,"column":4},"end":{"line":50,"column":15}},"24":{"start":{"line":53,"column":20},"end":{"line":57,"column":3}},"25":{"start":{"line":54,"column":4},"end":{"line":54,"column":76}},"26":{"start":{"line":54,"column":10},"end":{"line":54,"column":65}},"27":{"start":{"line":55,"column":4},"end":{"line":55,"column":27}},"28":{"start":{"line":56,"column":4},"end":{"line":56,"column":34}},"29":{"start":{"line":59,"column":2},"end":{"line":65,"column":3}},"30":{"start":{"line":60,"column":4},"end":{"line":64,"column":6}},"31":{"start":{"line":67,"column":22},"end":{"line":67,"column":95}},"32":{"start":{"line":69,"column":2},"end":{"line":96,"column":4}},"33":{"start":{"line":99,"column":15},"end":{"line":113,"column":2}}},"fnMap":{"0":{"name":"(anonymous_0)","decl":{"start":{"line":9,"column":35},"end":{"line":9,"column":36}},"loc":{"start":{"line":9,"column":41},"end":{"line":97,"column":1}},"line":9},"1":{"name":"(anonymous_1)","decl":{"start":{"line":20,"column":12},"end":{"line":20,"column":13}},"loc":{"start":{"line":20,"column":18},"end":{"line":25,"column":3}},"line":20},"2":{"name":"(anonymous_2)","decl":{"start":{"line":21,"column":27},"end":{"line":21,"column":28}},"loc":{"start":{"line":21,"column":33},"end":{"line":23,"column":5}},"line":21},"3":{"name":"(anonymous_3)","decl":{"start":{"line":22,"column":26},"end":{"line":22,"column":27}},"loc":{"start":{"line":22,"column":33},"end":{"line":22,"column":88}},"line":22},"4":{"name":"(anonymous_4)","decl":{"start":{"line":24,"column":11},"end":{"line":24,"column":12}},"loc":{"start":{"line":24,"column":17},"end":{"line":24,"column":34}},"line":24},"5":{"name":"(anonymous_5)","decl":{"start":{"line":28,"column":12},"end":{"line":28,"column":13}},"loc":{"start":{"line":28,"column":18},"end":{"line":32,"column":3}},"line":28},"6":{"name":"(anonymous_6)","decl":{"start":{"line":35,"column":12},"end":{"line":35,"column":13}},"loc":{"start":{"line":35,"column":18},"end":{"line":51,"column":3}},"line":35},"7":{"name":"(anonymous_7)","decl":{"start":{"line":53,"column":20},"end":{"line":53,"column":21}},"loc":{"start":{"line":53,"column":26},"end":{"line":57,"column":3}},"line":53}},"branchMap":{"0":{"loc":{"start":{"line":22,"column":50},"end":{"line":22,"column":82}},"type":"binary-expr","locations":[{"start":{"line":22,"column":50},"end":{"line":22,"column":77}},{"start":{"line":22,"column":81},"end":{"line":22,"column":82}}],"line":22},"1":{"loc":{"start":{"line":30,"column":21},"end":{"line":30,"column":41}},"type":"binary-expr","locations":[{"start":{"line":30,"column":21},"end":{"line":30,"column":36}},{"start":{"line":30,"column":40},"end":{"line":30,"column":41}}],"line":30},"2":{"loc":{"start":{"line":59,"column":2},"end":{"line":65,"column":3}},"type":"if","locations":[{"start":{"line":59,"column":2},"end":{"line":65,"column":3}},{"start":{},"end":{}}],"line":59},"3":{"loc":{"start":{"line":67,"column":22},"end":{"line":67,"column":95}},"type":"binary-expr","locations":[{"start":{"line":67,"column":22},"end":{"line":67,"column":58}},{"start":{"line":67,"column":62},"end":{"line":67,"column":95}}],"line":67}},"s":{"0":0,"1":0,"2":0,"3":0,"4":0,"5":0,"6":0,"7":0,"8":0,"9":0,"10":0,"11":0,"12":0,"13":0,"14":0,"15":0,"16":0,"17":0,"18":0,"19":0,"20":0,"21":0,"22":0,"23":0,"24":0,"25":0,"26":0,"27":0,"28":0,"29":0,"30":0,"31":0,"32":0,"33":0},"f":{"0":0,"1":0,"2":0,"3":0,"4":0,"5":0,"6":0,"7":0},"b":{"0":[0,0],"1":[0,0],"2":[0,0],"3":[0,0]}}
,"C:\\Users\\j2sav\\New folder (5)\\dreamscape\\src\\screens\\RouteSelectionScreen.tsx": {"path":"C:\\Users\\j2sav\\New folder (5)\\dreamscape\\src\\screens\\RouteSelectionScreen.tsx","statementMap":{"0":{"start":{"line":16,"column":39},"end":{"line":81,"column":1}},"1":{"start":{"line":17,"column":14},"end":{"line":17,"column":38}},"2":{"start":{"line":18,"column":16},"end":{"line":18,"column":36}},"3":{"start":{"line":19,"column":17},"end":{"line":19,"column":91}},"4":{"start":{"line":20,"column":22},"end":{"line":20,"column":98}},"5":{"start":{"line":22,"column":36},"end":{"line":22,"column":50}},"6":{"start":{"line":23,"column":17},"end":{"line":23,"column":94}},"7":{"start":{"line":23,"column":31},"end":{"line":23,"column":70}},"8":{"start":{"line":24,"column":38},"end":{"line":24,"column":84}},"9":{"start":{"line":26,"column":2},"end":{"line":30,"column":9}},"10":{"start":{"line":27,"column":4},"end":{"line":27,"column":23}},"11":{"start":{"line":28,"column":14},"end":{"line":28,"column":57}},"12":{"start":{"line":28,"column":31},"end":{"line":28,"column":50}},"13":{"start":{"line":29,"column":4},"end":{"line":29,"column":33}},"14":{"start":{"line":29,"column":17},"end":{"line":29,"column":32}},"15":{"start":{"line":32,"column":22},"end":{"line":38,"column":3}},"16":{"start":{"line":33,"column":4},"end":{"line":33,"column":60}},"17":{"start":{"line":34,"column":4},"end":{"line":34,"column":28}},"18":{"start":{"line":35,"column":4},"end":{"line":35,"column":29}},"19":{"start":{"line":37,"column":4},"end":{"line":37,"column":49}},"20":{"start":{"line":40,"column":18},"end":{"line":49,"column":3}},"21":{"start":{"line":41,"column":16},"end":{"line":41,"column":55}},"22":{"start":{"line":41,"column":35},"end":{"line":41,"column":54}},"23":{"start":{"line":42,"column":4},"end":{"line":48,"column":5}},"24":{"start":{"line":43,"column":6},"end":{"line":43,"column":61}},"25":{"start":{"line":44,"column":6},"end":{"line":44,"column":30}},"26":{"start":{"line":45,"column":6},"end":{"line":45,"column":29}},"27":{"start":{"line":46,"column":6},"end":{"line":46,"column":30}},"28":{"start":{"line":47,"column":6},"end":{"line":47,"column":56}},"29":{"start":{"line":51,"column":2},"end":{"line":80,"column":4}},"30":{"start":{"line":54,"column":41},"end":{"line":54,"column":53}},"31":{"start":{"line":71,"column":12},"end":{"line":71,"column":108}},"32":{"start":{"line":71,"column":90},"end":{"line":71,"column":104}},"33":{"start":{"line":83,"column":15},"end":{"line":94,"column":2}}},"fnMap":{"0":{"name":"(anonymous_0)","decl":{"start":{"line":16,"column":39},"end":{"line":16,"column":40}},"loc":{"start":{"line":16,"column":45},"end":{"line":81,"column":1}},"line":16},"1":{"name":"(anonymous_1)","decl":{"start":{"line":23,"column":25},"end":{"line":23,"column":26}},"loc":{"start":{"line":23,"column":31},"end":{"line":23,"column":70}},"line":23},"2":{"name":"(anonymous_2)","decl":{"start":{"line":26,"column":12},"end":{"line":26,"column":13}},"loc":{"start":{"line":26,"column":18},"end":{"line":30,"column":3}},"line":26},"3":{"name":"(anonymous_3)","decl":{"start":{"line":28,"column":25},"end":{"line":28,"column":26}},"loc":{"start":{"line":28,"column":31},"end":{"line":28,"column":50}},"line":28},"4":{"name":"(anonymous_4)","decl":{"start":{"line":29,"column":11},"end":{"line":29,"column":12}},"loc":{"start":{"line":29,"column":17},"end":{"line":29,"column":32}},"line":29},"5":{"name":"(anonymous_5)","decl":{"start":{"line":32,"column":22},"end":{"line":32,"column":23}},"loc":{"start":{"line":32,"column":38},"end":{"line":38,"column":3}},"line":32},"6":{"name":"(anonymous_6)","decl":{"start":{"line":40,"column":18},"end":{"line":40,"column":19}},"loc":{"start":{"line":40,"column":24},"end":{"line":49,"column":3}},"line":40},"7":{"name":"(anonymous_7)","decl":{"start":{"line":41,"column":28},"end":{"line":41,"column":29}},"loc":{"start":{"line":41,"column":35},"end":{"line":41,"column":54}},"line":41},"8":{"name":"(anonymous_8)","decl":{"start":{"line":54,"column":35},"end":{"line":54,"column":36}},"loc":{"start":{"line":54,"column":41},"end":{"line":54,"column":53}},"line":54},"9":{"name":"(anonymous_9)","decl":{"start":{"line":70,"column":22},"end":{"line":70,"column":23}},"loc":{"start":{"line":71,"column":12},"end":{"line":71,"column":108}},"line":71},"10":{"name":"(anonymous_10)","decl":{"start":{"line":71,"column":84},"end":{"line":71,"column":85}},"loc":{"start":{"line":71,"column":90},"end":{"line":71,"column":104}},"line":71}},"branchMap":{"0":{"loc":{"start":{"line":19,"column":17},"end":{"line":19,"column":91}},"type":"binary-expr","locations":[{"start":{"line":19,"column":18},"end":{"line":19,"column":42}},{"start":{"line":19,"column":47},"end":{"line":19,"column":91}}],"line":19},"1":{"loc":{"start":{"line":20,"column":22},"end":{"line":20,"column":98}},"type":"binary-expr","locations":[{"start":{"line":20,"column":23},"end":{"line":20,"column":52}},{"start":{"line":20,"column":57},"end":{"line":20,"column":98}}],"line":20},"2":{"loc":{"start":{"line":24,"column":62},"end":{"line":24,"column":83}},"type":"binary-expr","locations":[{"start":{"line":24,"column":62},"end":{"line":24,"column":75}},{"start":{"line":24,"column":79},"end":{"line":24,"column":83}}],"line":24},"3":{"loc":{"start":{"line":42,"column":4},"end":{"line":48,"column":5}},"type":"if","locations":[{"start":{"line":42,"column":4},"end":{"line":48,"column":5}},{"start":{},"end":{}}],"line":42},"4":{"loc":{"start":{"line":66,"column":7},"end":{"line":78,"column":7}},"type":"cond-expr","locations":[{"start":{"line":67,"column":8},"end":{"line":67,"column":58}},{"start":{"line":69,"column":8},"end":{"line":77,"column":21}}],"line":66}},"s":{"0":0,"1":0,"2":0,"3":0,"4":0,"5":0,"6":0,"7":0,"8":0,"9":0,"10":0,"11":0,"12":0,"13":0,"14":0,"15":0,"16":0,"17":0,"18":0,"19":0,"20":0,"21":0,"22":0,"23":0,"24":0,"25":0,"26":0,"27":0,"28":0,"29":0,"30":0,"31":0,"32":0,"33":0},"f":{"0":0,"1":0,"2":0,"3":0,"4":0,"5":0,"6":0,"7":0,"8":0,"9":0,"10":0},"b":{"0":[0,0],"1":[0,0],"2":[0,0],"3":[0,0],"4":[0,0]}}
,"C:\\Users\\j2sav\\New folder (5)\\dreamscape\\src\\screens\\SettingsScreen.tsx": {"path":"C:\\Users\\j2sav\\New folder (5)\\dreamscape\\src\\screens\\SettingsScreen.tsx","statementMap":{"0":{"start":{"line":6,"column":33},"end":{"line":13,"column":1}},"1":{"start":{"line":7,"column":2},"end":{"line":12,"column":4}},"2":{"start":{"line":15,"column":15},"end":{"line":19,"column":2}}},"fnMap":{"0":{"name":"(anonymous_0)","decl":{"start":{"line":6,"column":33},"end":{"line":6,"column":34}},"loc":{"start":{"line":6,"column":39},"end":{"line":13,"column":1}},"line":6}},"branchMap":{},"s":{"0":0,"1":0,"2":0},"f":{"0":0},"b":{}}
,"C:\\Users\\j2sav\\New folder (5)\\dreamscape\\src\\services\\locationService.ts": {"path":"C:\\Users\\j2sav\\New folder (5)\\dreamscape\\src\\services\\locationService.ts","statementMap":{"0":{"start":{"line":4,"column":65},"end":{"line":4,"column":69}},"1":{"start":{"line":7,"column":23},"end":{"line":7,"column":73}},"2":{"start":{"line":8,"column":4},"end":{"line":8,"column":32}},"3":{"start":{"line":12,"column":4},"end":{"line":21,"column":5}},"4":{"start":{"line":13,"column":28},"end":{"line":13,"column":59}},"5":{"start":{"line":14,"column":6},"end":{"line":14,"column":38}},"6":{"start":{"line":14,"column":26},"end":{"line":14,"column":38}},"7":{"start":{"line":16,"column":23},"end":{"line":16,"column":99}},"8":{"start":{"line":17,"column":6},"end":{"line":17,"column":22}},"9":{"start":{"line":19,"column":6},"end":{"line":19,"column":54}},"10":{"start":{"line":20,"column":6},"end":{"line":20,"column":18}},"11":{"start":{"line":25,"column":26},"end":{"line":25,"column":57}},"12":{"start":{"line":26,"column":4},"end":{"line":26,"column":31}},"13":{"start":{"line":26,"column":24},"end":{"line":26,"column":31}},"14":{"start":{"line":28,"column":4},"end":{"line":28,"column":123}},"15":{"start":{"line":32,"column":4},"end":{"line":35,"column":5}},"16":{"start":{"line":33,"column":6},"end":{"line":33,"column":28}},"17":{"start":{"line":34,"column":6},"end":{"line":34,"column":26}}},"fnMap":{"0":{"name":"(anonymous_0)","decl":{"start":{"line":6,"column":2},"end":{"line":6,"column":3}},"loc":{"start":{"line":6,"column":54},"end":{"line":9,"column":3}},"line":6},"1":{"name":"(anonymous_1)","decl":{"start":{"line":11,"column":2},"end":{"line":11,"column":3}},"loc":{"start":{"line":11,"column":77},"end":{"line":22,"column":3}},"line":11},"2":{"name":"(anonymous_2)","decl":{"start":{"line":24,"column":2},"end":{"line":24,"column":3}},"loc":{"start":{"line":24,"column":99},"end":{"line":29,"column":3}},"line":24},"3":{"name":"(anonymous_3)","decl":{"start":{"line":31,"column":2},"end":{"line":31,"column":3}},"loc":{"start":{"line":31,"column":38},"end":{"line":36,"column":3}},"line":31}},"branchMap":{"0":{"loc":{"start":{"line":14,"column":6},"end":{"line":14,"column":38}},"type":"if","locations":[{"start":{"line":14,"column":6},"end":{"line":14,"column":38}},{"start":{},"end":{}}],"line":14},"1":{"loc":{"start":{"line":26,"column":4},"end":{"line":26,"column":31}},"type":"if","locations":[{"start":{"line":26,"column":4},"end":{"line":26,"column":31}},{"start":{},"end":{}}],"line":26},"2":{"loc":{"start":{"line":32,"column":4},"end":{"line":35,"column":5}},"type":"if","locations":[{"start":{"line":32,"column":4},"end":{"line":35,"column":5}},{"start":{},"end":{}}],"line":32}},"s":{"0":1,"1":5,"2":5,"3":3,"4":3,"5":3,"6":1,"7":2,"8":1,"9":1,"10":1,"11":0,"12":0,"13":0,"14":0,"15":0,"16":0,"17":0},"f":{"0":5,"1":3,"2":0,"3":0},"b":{"0":[1,2],"1":[0,0],"2":[0,0]},"_coverageSchema":"1a1c01bbd47fc00a2c39e90264f33305004495a9","hash":"5fd8c79ac7c5e9327175e4216925645749db9bb5"}
,"C:\\Users\\j2sav\\New folder (5)\\dreamscape\\src\\store\\navigationStore.ts": {"path":"C:\\Users\\j2sav\\New folder (5)\\dreamscape\\src\\store\\navigationStore.ts","statementMap":{"0":{"start":{"line":18,"column":34},"end":{"line":30,"column":3}},"1":{"start":{"line":18,"column":73},"end":{"line":30,"column":1}},"2":{"start":{"line":24,"column":22},"end":{"line":24,"column":42}},"3":{"start":{"line":25,"column":27},"end":{"line":25,"column":52}},"4":{"start":{"line":26,"column":25},"end":{"line":26,"column":57}},"5":{"start":{"line":27,"column":26},"end":{"line":27,"column":55}},"6":{"start":{"line":28,"column":25},"end":{"line":28,"column":52}},"7":{"start":{"line":29,"column":24},"end":{"line":29,"column":94}}},"fnMap":{"0":{"name":"(anonymous_0)","decl":{"start":{"line":18,"column":58},"end":{"line":18,"column":59}},"loc":{"start":{"line":18,"column":73},"end":{"line":30,"column":1}},"line":18},"1":{"name":"(anonymous_1)","decl":{"start":{"line":24,"column":13},"end":{"line":24,"column":14}},"loc":{"start":{"line":24,"column":22},"end":{"line":24,"column":42}},"line":24},"2":{"name":"(anonymous_2)","decl":{"start":{"line":25,"column":18},"end":{"line":25,"column":19}},"loc":{"start":{"line":25,"column":27},"end":{"line":25,"column":52}},"line":25},"3":{"name":"(anonymous_3)","decl":{"start":{"line":26,"column":13},"end":{"line":26,"column":14}},"loc":{"start":{"line":26,"column":25},"end":{"line":26,"column":57}},"line":26},"4":{"name":"(anonymous_4)","decl":{"start":{"line":27,"column":15},"end":{"line":27,"column":16}},"loc":{"start":{"line":27,"column":26},"end":{"line":27,"column":55}},"line":27},"5":{"name":"(anonymous_5)","decl":{"start":{"line":28,"column":19},"end":{"line":28,"column":20}},"loc":{"start":{"line":28,"column":25},"end":{"line":28,"column":52}},"line":28},"6":{"name":"(anonymous_6)","decl":{"start":{"line":29,"column":18},"end":{"line":29,"column":19}},"loc":{"start":{"line":29,"column":24},"end":{"line":29,"column":94}},"line":29}},"branchMap":{},"s":{"0":1,"1":1,"2":5,"3":5,"4":4,"5":4,"6":1,"7":5},"f":{"0":1,"1":5,"2":5,"3":4,"4":4,"5":1,"6":5},"b":{},"_coverageSchema":"1a1c01bbd47fc00a2c39e90264f33305004495a9","hash":"073fe05290baeffdbda41b22a8056d8446e7bd4c"}
,"C:\\Users\\j2sav\\New folder (5)\\dreamscape\\src\\theme\\colors.ts": {"path":"C:\\Users\\j2sav\\New folder (5)\\dreamscape\\src\\theme\\colors.ts","statementMap":{"0":{"start":{"line":1,"column":23},"end":{"line":23,"column":1}}},"fnMap":{},"branchMap":{},"s":{"0":4},"f":{},"b":{},"_coverageSchema":"1a1c01bbd47fc00a2c39e90264f33305004495a9","hash":"d512a2ad7bd83ab5d5039fd974456b64fd42d167"}
,"C:\\Users\\j2sav\\New folder (5)\\dreamscape\\src\\theme\\index.ts": {"path":"C:\\Users\\j2sav\\New folder (5)\\dreamscape\\src\\theme\\index.ts","statementMap":{},"fnMap":{},"branchMap":{},"s":{},"f":{},"b":{},"_coverageSchema":"1a1c01bbd47fc00a2c39e90264f33305004495a9","hash":"5f5467a3d5256f7ed792a655744000d6dbac6cfa"}
,"C:\\Users\\j2sav\\New folder (5)\\dreamscape\\src\\theme\\spacing.ts": {"path":"C:\\Users\\j2sav\\New folder (5)\\dreamscape\\src\\theme\\spacing.ts","statementMap":{"0":{"start":{"line":1,"column":24},"end":{"line":8,"column":1}}},"fnMap":{},"branchMap":{},"s":{"0":4},"f":{},"b":{},"_coverageSchema":"1a1c01bbd47fc00a2c39e90264f33305004495a9","hash":"8952919634fc1f76c5b29ecb56a7002db31a5bf3"}
,"C:\\Users\\j2sav\\New folder (5)\\dreamscape\\src\\theme\\typography.ts": {"path":"C:\\Users\\j2sav\\New folder (5)\\dreamscape\\src\\theme\\typography.ts","statementMap":{"0":{"start":{"line":1,"column":27},"end":{"line":8,"column":1}}},"fnMap":{},"branchMap":{},"s":{"0":4},"f":{},"b":{},"_coverageSchema":"1a1c01bbd47fc00a2c39e90264f33305004495a9","hash":"b8e11485f04bc585076b6b1ccbf7ebd0debeb7c1"}
,"C:\\Users\\j2sav\\New folder (5)\\dreamscape\\src\\utils\\mapStyles.ts": {"path":"C:\\Users\\j2sav\\New folder (5)\\dreamscape\\src\\utils\\mapStyles.ts","statementMap":{"0":{"start":{"line":1,"column":29},"end":{"line":10,"column":1}}},"fnMap":{},"branchMap":{},"s":{"0":0},"f":{},"b":{}}
,"C:\\Users\\j2sav\\New folder (5)\\dreamscape\\src\\utils\\mockData.ts": {"path":"C:\\Users\\j2sav\\New folder (5)\\dreamscape\\src\\utils\\mockData.ts","statementMap":{"0":{"start":{"line":5,"column":14},"end":{"line":5,"column":24}},"1":{"start":{"line":6,"column":27},"end":{"line":10,"column":3}},"2":{"start":{"line":6,"column":48},"end":{"line":10,"column":3}},"3":{"start":{"line":12,"column":2},"end":{"line":46,"column":4}}},"fnMap":{"0":{"name":"generateMockRoutes","decl":{"start":{"line":3,"column":16},"end":{"line":3,"column":34}},"loc":{"start":{"line":3,"column":85},"end":{"line":47,"column":1}},"line":3},"1":{"name":"(anonymous_1)","decl":{"start":{"line":6,"column":27},"end":{"line":6,"column":28}},"loc":{"start":{"line":6,"column":48},"end":{"line":10,"column":3}},"line":6}},"branchMap":{},"s":{"0":4,"1":4,"2":12,"3":4},"f":{"0":4,"1":12},"b":{},"_coverageSchema":"1a1c01bbd47fc00a2c39e90264f33305004495a9","hash":"76116e69bf5d86b46a28ffa678618becd28498cb"}
}
