TN:
SF:src\components\Button.tsx
FN:18,(anonymous_0)
FN:23,(anonymous_1)
FNF:2
FNH:2
FNDA:11,(anonymous_0)
FNDA:3,(anonymous_1)
DA:18,3
DA:19,11
DA:20,11
DA:21,11
DA:23,11
DA:24,3
DA:25,3
DA:26,3
DA:29,11
DA:50,3
LF:10
LH:10
BRDA:18,0,0,6
BRDA:18,1,0,10
BRDA:18,2,0,10
BRDA:21,3,0,11
BRDA:21,3,1,10
BRDA:24,4,0,0
BRDA:24,4,1,3
BRDA:26,5,0,3
BRDA:26,5,1,3
BRDA:32,6,0,11
BRDA:32,6,1,6
BRDA:32,7,0,11
BRDA:32,7,1,5
BRDA:32,8,0,11
BRDA:32,8,1,2
BRDA:33,9,0,2
BRDA:33,9,1,9
BRDA:36,10,0,11
BRDA:36,10,1,5
BRDA:41,11,0,1
BRDA:41,11,1,10
BRDA:42,12,0,1
BRDA:42,12,1,0
BRDA:44,13,0,10
BRDA:44,13,1,5
BRDA:44,14,0,10
BRDA:44,14,1,5
BRF:27
BRH:25
end_of_record
TN:
SF:src\components\Card.tsx
FN:12,(anonymous_0)
FNF:1
FNH:1
FNDA:61,(anonymous_0)
DA:12,3
DA:13,61
DA:20,3
LF:3
LH:3
BRDA:12,0,0,18
BRF:1
BRH:1
end_of_record
TN:
SF:src\components\DreamMap.tsx
FN:13,(anonymous_0)
FNF:1
FNH:1
FNDA:8,(anonymous_0)
DA:13,1
DA:14,8
DA:16,8
DA:34,1
LF:4
LH:4
BRDA:13,0,0,8
BRDA:13,1,0,8
BRF:2
BRH:2
end_of_record
TN:
SF:src\components\ErrorState.tsx
FN:13,(anonymous_0)
FNF:1
FNH:1
FNDA:7,(anonymous_0)
DA:13,2
DA:14,7
DA:26,2
LF:3
LH:3
BRDA:19,0,0,5
BRDA:19,0,1,2
BRDA:19,1,0,7
BRDA:19,1,1,5
BRF:4
BRH:4
end_of_record
TN:
SF:src\components\LoadingSpinner.tsx
FN:9,(anonymous_0)
FNF:1
FNH:1
FNDA:34,(anonymous_0)
DA:9,3
DA:10,34
DA:18,3
LF:3
LH:3
BRDA:11,0,0,34
BRDA:11,0,1,2
BRDA:13,1,0,32
BRDA:13,1,1,2
BRDA:20,2,0,3
BRDA:20,2,1,0
BRF:6
BRH:5
end_of_record
TN:
SF:src\components\RouteCard.tsx
FN:13,(anonymous_0)
FN:19,(anonymous_1)
FN:28,(anonymous_2)
FNF:3
FNH:2
FNDA:42,(anonymous_0)
FNDA:42,(anonymous_1)
FNDA:0,(anonymous_2)
DA:13,1
DA:14,42
DA:15,42
DA:17,42
DA:19,42
DA:20,42
DA:21,0
DA:27,0
DA:28,0
DA:32,42
DA:59,1
LF:11
LH:8
BRDA:13,0,0,0
BRDA:15,1,0,0
BRDA:15,1,1,42
BRDA:15,2,0,14
BRDA:15,2,1,28
BRDA:20,3,0,0
BRDA:20,3,1,42
BRDA:34,4,0,42
BRDA:34,4,1,0
BRDA:37,5,0,14
BRDA:37,5,1,28
BRF:11
BRH:7
end_of_record
TN:
SF:src\navigation\RootNavigator.tsx
FN:12,(anonymous_0)
FNF:1
FNH:0
FNDA:0,(anonymous_0)
DA:10,0
DA:12,0
DA:13,0
LF:3
LH:0
BRF:0
BRH:0
end_of_record
TN:
SF:src\screens\HomeScreen.tsx
FN:13,(anonymous_0)
FN:25,(anonymous_1)
FN:29,(anonymous_2)
FN:47,(anonymous_3)
FN:63,(anonymous_4)
FN:63,(anonymous_5)
FNF:6
FNH:4
FNDA:25,(anonymous_0)
FNDA:13,(anonymous_1)
FNDA:13,(anonymous_2)
FNDA:1,(anonymous_3)
FNDA:0,(anonymous_4)
FNDA:0,(anonymous_5)
DA:13,1
DA:14,25
DA:15,25
DA:16,25
DA:22,25
DA:23,25
DA:25,25
DA:26,13
DA:29,25
DA:30,13
DA:31,13
DA:32,13
DA:33,9
DA:34,9
DA:40,9
DA:42,4
DA:44,13
DA:47,25
DA:48,1
DA:49,1
DA:52,25
DA:53,13
DA:60,12
DA:61,4
DA:63,0
DA:68,8
DA:103,1
LF:27
LH:26
BRDA:32,0,0,9
BRDA:32,0,1,4
BRDA:52,1,0,13
BRDA:52,1,1,12
BRDA:60,2,0,4
BRDA:60,2,1,8
BRDA:89,3,0,8
BRDA:89,3,1,8
BRF:8
BRH:8
end_of_record
TN:
SF:src\screens\NavigationScreen.tsx
FN:9,(anonymous_0)
FN:20,(anonymous_1)
FN:23,(anonymous_2)
FN:24,(anonymous_3)
FN:26,(anonymous_4)
FN:30,(anonymous_5)
FN:37,(anonymous_6)
FN:55,(anonymous_7)
FNF:8
FNH:6
FNDA:21,(anonymous_0)
FNDA:21,(anonymous_1)
FNDA:0,(anonymous_2)
FNDA:0,(anonymous_3)
FNDA:21,(anonymous_4)
FNDA:21,(anonymous_5)
FNDA:21,(anonymous_6)
FNDA:3,(anonymous_7)
DA:9,1
DA:10,21
DA:11,21
DA:12,21
DA:13,21
DA:14,21
DA:16,21
DA:17,21
DA:18,21
DA:20,21
DA:22,21
DA:23,21
DA:24,0
DA:26,21
DA:30,21
DA:31,21
DA:32,21
DA:33,21
DA:37,21
DA:38,21
DA:44,21
DA:45,21
DA:49,21
DA:55,21
DA:56,3
DA:57,3
DA:58,3
DA:61,21
DA:62,0
DA:69,21
DA:71,21
DA:101,1
LF:32
LH:30
BRDA:24,0,0,0
BRDA:24,0,1,0
BRDA:32,1,0,21
BRDA:32,1,1,0
BRDA:61,2,0,0
BRDA:61,2,1,21
BRDA:69,3,0,21
BRDA:69,3,1,0
BRF:8
BRH:3
end_of_record
TN:
SF:src\screens\RouteSelectionScreen.tsx
FN:16,(anonymous_0)
FN:23,(anonymous_1)
FN:26,(anonymous_2)
FN:28,(anonymous_3)
FN:29,(anonymous_4)
FN:32,(anonymous_5)
FN:40,(anonymous_6)
FN:41,(anonymous_7)
FN:54,(anonymous_8)
FN:70,(anonymous_9)
FN:71,(anonymous_10)
FNF:11
FNH:11
FNDA:32,(anonymous_0)
FNDA:32,(anonymous_1)
FNDA:17,(anonymous_2)
FNDA:11,(anonymous_3)
FNDA:17,(anonymous_4)
FNDA:3,(anonymous_5)
FNDA:1,(anonymous_6)
FNDA:3,(anonymous_7)
FNDA:2,(anonymous_8)
FNDA:42,(anonymous_9)
FNDA:3,(anonymous_10)
DA:16,1
DA:17,32
DA:18,32
DA:19,32
DA:20,32
DA:22,32
DA:23,32
DA:24,32
DA:26,32
DA:27,17
DA:28,17
DA:29,17
DA:32,32
DA:33,3
DA:34,3
DA:35,3
DA:37,3
DA:40,32
DA:41,3
DA:42,1
DA:43,0
DA:44,0
DA:45,0
DA:46,0
DA:47,0
DA:51,32
DA:54,2
DA:71,42
DA:83,1
LF:29
LH:24
BRDA:19,0,0,32
BRDA:19,0,1,32
BRDA:20,1,0,32
BRDA:20,1,1,32
BRDA:24,2,0,32
BRDA:24,2,1,0
BRDA:42,3,0,0
BRDA:42,3,1,1
BRDA:66,4,0,18
BRDA:66,4,1,14
BRF:10
BRH:8
end_of_record
TN:
SF:src\screens\SettingsScreen.tsx
FN:6,(anonymous_0)
FNF:1
FNH:0
FNDA:0,(anonymous_0)
DA:6,0
DA:7,0
DA:15,0
LF:3
LH:0
BRF:0
BRH:0
end_of_record
TN:
SF:src\services\locationService.ts
FN:6,(anonymous_0)
FN:11,(anonymous_1)
FN:24,(anonymous_2)
FN:31,(anonymous_3)
FNF:4
FNH:2
FNDA:18,(anonymous_0)
FNDA:16,(anonymous_1)
FNDA:0,(anonymous_2)
FNDA:0,(anonymous_3)
DA:4,2
DA:7,18
DA:8,17
DA:12,16
DA:13,16
DA:14,15
DA:16,12
DA:17,10
DA:19,3
DA:20,3
DA:25,0
DA:26,0
DA:28,0
DA:32,0
DA:33,0
DA:34,0
LF:16
LH:10
BRDA:14,0,0,3
BRDA:14,0,1,12
BRDA:26,1,0,0
BRDA:26,1,1,0
BRDA:32,2,0,0
BRDA:32,2,1,0
BRF:6
BRH:2
end_of_record
TN:
SF:src\store\navigationStore.ts
FN:18,(anonymous_0)
FN:24,(anonymous_1)
FN:25,(anonymous_2)
FN:26,(anonymous_3)
FN:27,(anonymous_4)
FN:28,(anonymous_5)
FN:29,(anonymous_6)
FNF:7
FNH:7
FNDA:4,(anonymous_0)
FNDA:5,(anonymous_1)
FNDA:5,(anonymous_2)
FNDA:4,(anonymous_3)
FNDA:4,(anonymous_4)
FNDA:1,(anonymous_5)
FNDA:5,(anonymous_6)
DA:18,4
DA:24,5
DA:25,5
DA:26,4
DA:27,4
DA:28,1
DA:29,5
LF:7
LH:7
BRF:0
BRH:0
end_of_record
TN:
SF:src\theme\colors.ts
FNF:0
FNH:0
DA:1,7
LF:1
LH:1
BRF:0
BRH:0
end_of_record
TN:
SF:src\theme\index.ts
FNF:0
FNH:0
LF:0
LH:0
BRF:0
BRH:0
end_of_record
TN:
SF:src\theme\spacing.ts
FNF:0
FNH:0
DA:1,7
LF:1
LH:1
BRF:0
BRH:0
end_of_record
TN:
SF:src\theme\typography.ts
FNF:0
FNH:0
DA:1,7
LF:1
LH:1
BRF:0
BRH:0
end_of_record
TN:
SF:src\utils\mapStyles.ts
FNF:0
FNH:0
DA:1,1
LF:1
LH:1
BRF:0
BRH:0
end_of_record
TN:
SF:src\utils\mockData.ts
FN:3,generateMockRoutes
FN:6,(anonymous_1)
FNF:2
FNH:2
FNDA:37,generateMockRoutes
FNDA:111,(anonymous_1)
DA:5,37
DA:6,111
DA:12,37
LF:3
LH:3
BRF:0
BRH:0
end_of_record
